[debug] [2020-05-06T12:14:06.406Z] ----------------------------------------------------------------------
[debug] [2020-05-06T12:14:06.409Z] Command:       C:\Program Files\nodejs\node.exe C:\Users\Dora\AppData\Roaming\npm\node_modules\firebase-tools\lib\bin\firebase.js serve
[debug] [2020-05-06T12:14:06.409Z] CLI Version:   8.2.0
[debug] [2020-05-06T12:14:06.409Z] Platform:      win32
[debug] [2020-05-06T12:14:06.409Z] Node Version:  v12.16.2
[debug] [2020-05-06T12:14:06.411Z] Time:          Wed May 06 2020 20:14:06 GMT+0800 (GMT+08:00)
[debug] [2020-05-06T12:14:06.411Z] ----------------------------------------------------------------------
[debug] [2020-05-06T12:14:06.411Z] 
[debug] [2020-05-06T12:14:06.426Z] > command requires scopes: ["email","openid","https://www.googleapis.com/auth/cloudplatformprojects.readonly","https://www.googleapis.com/auth/firebase","https://www.googleapis.com/auth/cloud-platform"]
[debug] [2020-05-06T12:14:06.426Z] > authorizing via signed-in user
[debug] [2020-05-06T12:14:06.427Z] [iam] checking project midterm-c6900 for permissions ["firebase.projects.get"]
[debug] [2020-05-06T12:14:06.429Z] > refreshing access token with scopes: ["email","https://www.googleapis.com/auth/cloud-platform","https://www.googleapis.com/auth/cloudplatformprojects.readonly","https://www.googleapis.com/auth/firebase","openid"]
[debug] [2020-05-06T12:14:06.430Z] >>> HTTP REQUEST POST https://www.googleapis.com/oauth2/v3/token  
 <request body omitted>
[debug] [2020-05-06T12:14:06.509Z] <<< HTTP RESPONSE 200 {"content-type":"application/json; charset=utf-8","vary":"X-Origin, Referer, Origin,Accept-Encoding","date":"Wed, 06 May 2020 12:14:07 GMT","server":"scaffolding on HTTPServer2","cache-control":"private","x-xss-protection":"0","x-frame-options":"SAMEORIGIN","x-content-type-options":"nosniff","alt-svc":"h3-27=\":443\"; ma=2592000,h3-25=\":443\"; ma=2592000,h3-Q050=\":443\"; ma=2592000,h3-Q049=\":443\"; ma=2592000,h3-Q048=\":443\"; ma=2592000,h3-Q046=\":443\"; ma=2592000,h3-Q043=\":443\"; ma=2592000,quic=\":443\"; ma=2592000; v=\"46,43\"","accept-ranges":"none","transfer-encoding":"chunked"}
[debug] [2020-05-06T12:14:06.526Z] >>> HTTP REQUEST POST https://cloudresourcemanager.googleapis.com/v1/projects/midterm-c6900:testIamPermissions  
 {"permissions":["firebase.projects.get"]}
[debug] [2020-05-06T12:14:07.435Z] <<< HTTP RESPONSE 200 {"content-type":"application/json; charset=UTF-8","vary":"X-Origin, Referer, Origin,Accept-Encoding","date":"Wed, 06 May 2020 12:14:08 GMT","server":"ESF","cache-control":"private","x-xss-protection":"0","x-frame-options":"SAMEORIGIN","x-content-type-options":"nosniff","server-timing":"gfet4t7; dur=882","alt-svc":"h3-27=\":443\"; ma=2592000,h3-25=\":443\"; ma=2592000,h3-Q050=\":443\"; ma=2592000,h3-Q049=\":443\"; ma=2592000,h3-Q048=\":443\"; ma=2592000,h3-Q046=\":443\"; ma=2592000,h3-Q043=\":443\"; ma=2592000,quic=\":443\"; ma=2592000; v=\"46,43\"","accept-ranges":"none","transfer-encoding":"chunked"}
[debug] [2020-05-06T12:14:07.438Z] >>> HTTP REQUEST GET https://firebase.googleapis.com/v1beta1/projects/midterm-c6900  
 
[debug] [2020-05-06T12:14:07.744Z] <<< HTTP RESPONSE 200 {"content-type":"application/json; charset=UTF-8","vary":"X-Origin, Referer, Origin,Accept-Encoding","date":"Wed, 06 May 2020 12:14:08 GMT","server":"ESF","cache-control":"private","x-xss-protection":"0","x-frame-options":"SAMEORIGIN","x-content-type-options":"nosniff","alt-svc":"h3-27=\":443\"; ma=2592000,h3-25=\":443\"; ma=2592000,h3-Q050=\":443\"; ma=2592000,h3-Q049=\":443\"; ma=2592000,h3-Q048=\":443\"; ma=2592000,h3-Q046=\":443\"; ma=2592000,h3-Q043=\":443\"; ma=2592000,quic=\":443\"; ma=2592000; v=\"46,43\"","accept-ranges":"none","transfer-encoding":"chunked"}
[info] 
[info] === Serving from 'C:\Users\Dora\Desktop\作業desu\軟實\Midterm_Project_106030019'...
[info] 
[debug] [2020-05-06T12:14:07.757Z] >>> HTTP REQUEST GET https://firebase.googleapis.com/v1beta1/projects/midterm-c6900/webApps/-/config  
 
[debug] [2020-05-06T12:14:08.708Z] <<< HTTP RESPONSE 200 {"content-type":"application/json; charset=UTF-8","vary":"X-Origin, Referer, Origin,Accept-Encoding","date":"Wed, 06 May 2020 12:14:09 GMT","server":"ESF","cache-control":"private","x-xss-protection":"0","x-frame-options":"SAMEORIGIN","x-content-type-options":"nosniff","alt-svc":"h3-27=\":443\"; ma=2592000,h3-25=\":443\"; ma=2592000,h3-Q050=\":443\"; ma=2592000,h3-Q049=\":443\"; ma=2592000,h3-Q048=\":443\"; ma=2592000,h3-Q046=\":443\"; ma=2592000,h3-Q043=\":443\"; ma=2592000,quic=\":443\"; ma=2592000; v=\"46,43\"","accept-ranges":"none","transfer-encoding":"chunked"}
[info] i  hosting: Serving hosting files from: public
[info] +  hosting: Local server: http://localhost:5000
